2012/03/02 15:26:10 INFO  - jmeter.util.JMeterUtils: Setting Locale to fr_FR 
2012/03/02 15:26:10 WARN  - jmeter.util.JMeterUtils: Could not find resources for 'fr_FR', using 'fr' 
2012/03/02 15:26:10 INFO  - jmeter.JMeter: Loading user properties from: /var/lib/jenkins/jobs/game-of-life-default/workspace/gameoflife-web/tools/jmeter/bin/user.properties 
2012/03/02 15:26:10 INFO  - jmeter.JMeter: Loading system properties from: /var/lib/jenkins/jobs/game-of-life-default/workspace/gameoflife-web/tools/jmeter/bin/system.properties 
2012/03/02 15:26:10 INFO  - jmeter.JMeter: Setting JMeter property: request.threads=20 
2012/03/02 15:26:10 INFO  - jmeter.JMeter: Setting JMeter property: request.loop=10 
2012/03/02 15:26:10 INFO  - jmeter.JMeter: Copyright (c) 1998-2009 The Apache Software Foundation 
2012/03/02 15:26:10 INFO  - jmeter.JMeter: Version 2.3.4 r785646 
2012/03/02 15:26:10 INFO  - jmeter.JMeter: java.version=1.6.0_30 
2012/03/02 15:26:10 INFO  - jmeter.JMeter: java.vm.name=Java HotSpot(TM) Client VM 
2012/03/02 15:26:10 INFO  - jmeter.JMeter: os.name=Linux 
2012/03/02 15:26:10 INFO  - jmeter.JMeter: os.arch=i386 
2012/03/02 15:26:10 INFO  - jmeter.JMeter: os.version=3.0.0-12-generic 
2012/03/02 15:26:10 INFO  - jmeter.JMeter: file.encoding=UTF-8 
2012/03/02 15:26:10 INFO  - jmeter.JMeter: Default Locale=français (France) 
2012/03/02 15:26:10 INFO  - jmeter.JMeter: JMeter  Locale=français (France) 
2012/03/02 15:26:10 INFO  - jmeter.JMeter: JMeterHome=/var/lib/jenkins/jobs/game-of-life-default/workspace/gameoflife-web/tools/jmeter 
2012/03/02 15:26:10 INFO  - jmeter.JMeter: user.dir  =/var/lib/jenkins/jobs/game-of-life-default/workspace/gameoflife-web/tools/jmeter/bin 
2012/03/02 15:26:10 INFO  - jmeter.JMeter: PWD       =/var/lib/jenkins/jobs/game-of-life-default/workspace/gameoflife-web/tools/jmeter/bin 
2012/03/02 15:26:10 INFO  - jmeter.JMeter: IP: 127.0.1.1 Name: jenkins FullName: jenkins 
2012/03/02 15:26:10 INFO  - jmeter.services.FileServer: Default base=/var/lib/jenkins/jobs/game-of-life-default/workspace/gameoflife-web/tools/jmeter/bin 
2012/03/02 15:26:10 INFO  - jmeter.services.FileServer: Set new base=/var/lib/jenkins/jobs/game-of-life-default/workspace/gameoflife-web/src/test/jmeter 
2012/03/02 15:26:10 INFO  - jmeter.JMeter: Loading file: /var/lib/jenkins/jobs/game-of-life-default/workspace/gameoflife-web/src/test/jmeter/gameoflife.jmx 
2012/03/02 15:26:10 INFO  - jmeter.save.SaveService: Testplan (JMX) version: 2.2. Testlog (JTL) version: 2.2 
2012/03/02 15:26:10 INFO  - jmeter.save.SaveService: Using SaveService properties file encoding UTF-8 
2012/03/02 15:26:10 INFO  - jmeter.save.SaveService: Using SaveService properties file version 697317 
2012/03/02 15:26:10 INFO  - jmeter.save.SaveService: Using SaveService properties version 2.1 
2012/03/02 15:26:10 INFO  - jmeter.save.SaveService: All converter versions present and correct 
2012/03/02 15:26:10 INFO  - jmeter.samplers.SampleResult: Note: Sample TimeStamps are START times 
2012/03/02 15:26:10 INFO  - jmeter.samplers.SampleResult: sampleresult.default.encoding is set to ISO-8859-1 
2012/03/02 15:26:10 INFO  - jmeter.protocol.http.sampler.HTTPSamplerBase: Cannot find .className property for htmlParser, using default 
2012/03/02 15:26:10 INFO  - jmeter.protocol.http.sampler.HTTPSamplerBase: Parser for text/html is  
2012/03/02 15:26:10 INFO  - jmeter.protocol.http.sampler.HTTPSamplerBase: Parser for application/xhtml+xml is  
2012/03/02 15:26:10 INFO  - jmeter.protocol.http.sampler.HTTPSamplerBase: Parser for application/xml is  
2012/03/02 15:26:10 INFO  - jmeter.protocol.http.sampler.HTTPSamplerBase: Parser for text/xml is  
2012/03/02 15:26:10 INFO  - jmeter.protocol.http.sampler.HTTPSamplerBase: Parser for text/vnd.wap.wml is org.apache.jmeter.protocol.http.parser.RegexpHTMLParser 
2012/03/02 15:26:10 INFO  - jmeter.protocol.http.sampler.HTTPSampler: Maximum connection retries = 10 
2012/03/02 15:26:10 INFO  - jmeter.protocol.http.sampler.HTTPSampler: Connection and read timeouts are available on this JVM 
2012/03/02 15:26:10 INFO  - jmeter.engine.StandardJMeterEngine: Listeners will be started after enabling running version 
2012/03/02 15:26:10 INFO  - jmeter.engine.StandardJMeterEngine: To revert to the earlier behaviour, define jmeterengine.startlistenerslater=false 
2012/03/02 15:26:10 INFO  - jmeter.engine.StandardJMeterEngine: Running the test! 
2012/03/02 15:26:10 INFO  - jmeter.engine.util.CompoundVariable: Note: Function class names must contain the string: '.functions.' 
2012/03/02 15:26:10 INFO  - jmeter.engine.util.CompoundVariable: Note: Function class names must not contain the string: '.gui.' 
2012/03/02 15:26:10 INFO  - jmeter.JMeter: Lancer test (1330698370909) 
2012/03/02 15:26:10 INFO  - jmeter.engine.StandardJMeterEngine: Starting 20 threads for group UsersPlayTheGameOfLife. Ramp up = 1. 
2012/03/02 15:26:10 INFO  - jmeter.engine.StandardJMeterEngine: Thread will continue on error 
2012/03/02 15:26:10 INFO  - jmeter.threads.JMeterThread: jmeterthread.startearlier=true (see jmeter.properties) 
2012/03/02 15:26:10 INFO  - jmeter.threads.JMeterThread: Running PostProcessors in forward order 
2012/03/02 15:26:11 INFO  - jmeter.threads.JMeterThread: Thread started: UsersPlayTheGameOfLife 1-1 
2012/03/02 15:26:11 INFO  - jmeter.threads.JMeterThread: Thread started: UsersPlayTheGameOfLife 1-2 
2012/03/02 15:26:11 INFO  - jmeter.engine.StandardJMeterEngine: All threads have been started 
2012/03/02 15:26:11 INFO  - jmeter.threads.JMeterThread: Thread started: UsersPlayTheGameOfLife 1-3 
2012/03/02 15:26:11 INFO  - jmeter.threads.JMeterThread: Thread started: UsersPlayTheGameOfLife 1-4 
2012/03/02 15:26:11 INFO  - jmeter.threads.JMeterThread: Thread started: UsersPlayTheGameOfLife 1-5 
2012/03/02 15:26:11 INFO  - jmeter.threads.JMeterThread: Thread started: UsersPlayTheGameOfLife 1-6 
2012/03/02 15:26:11 INFO  - jmeter.threads.JMeterThread: Thread started: UsersPlayTheGameOfLife 1-7 
2012/03/02 15:26:11 INFO  - jmeter.threads.JMeterThread: Thread started: UsersPlayTheGameOfLife 1-8 
2012/03/02 15:26:11 INFO  - jmeter.threads.JMeterThread: Thread started: UsersPlayTheGameOfLife 1-9 
2012/03/02 15:26:11 INFO  - jmeter.threads.JMeterThread: Thread started: UsersPlayTheGameOfLife 1-10 
2012/03/02 15:26:11 INFO  - jmeter.threads.JMeterThread: Thread started: UsersPlayTheGameOfLife 1-11 
2012/03/02 15:26:11 INFO  - jmeter.threads.JMeterThread: Thread started: UsersPlayTheGameOfLife 1-12 
2012/03/02 15:26:11 INFO  - jmeter.threads.JMeterThread: Thread started: UsersPlayTheGameOfLife 1-13 
2012/03/02 15:26:11 INFO  - jmeter.threads.JMeterThread: Thread started: UsersPlayTheGameOfLife 1-14 
2012/03/02 15:26:11 INFO  - jmeter.threads.JMeterThread: Thread started: UsersPlayTheGameOfLife 1-15 
2012/03/02 15:26:11 INFO  - jmeter.threads.JMeterThread: Thread started: UsersPlayTheGameOfLife 1-16 
2012/03/02 15:26:11 INFO  - jmeter.threads.JMeterThread: Thread started: UsersPlayTheGameOfLife 1-17 
2012/03/02 15:26:11 INFO  - jmeter.threads.JMeterThread: Thread started: UsersPlayTheGameOfLife 1-18 
2012/03/02 15:26:12 INFO  - jmeter.threads.JMeterThread: Thread started: UsersPlayTheGameOfLife 1-19 
2012/03/02 15:26:12 INFO  - jmeter.threads.JMeterThread: Thread started: UsersPlayTheGameOfLife 1-20 
2012/03/02 15:29:07 INFO  - jmeter.threads.JMeterThread: Thread finished: UsersPlayTheGameOfLife 1-5 
2012/03/02 15:29:07 INFO  - jmeter.engine.StandardJMeterEngine: Ending thread UsersPlayTheGameOfLife 1-5 
2012/03/02 15:29:11 INFO  - jmeter.threads.JMeterThread: Thread finished: UsersPlayTheGameOfLife 1-4 
2012/03/02 15:29:11 INFO  - jmeter.engine.StandardJMeterEngine: Ending thread UsersPlayTheGameOfLife 1-4 
2012/03/02 15:29:15 INFO  - jmeter.threads.JMeterThread: Thread finished: UsersPlayTheGameOfLife 1-14 
2012/03/02 15:29:15 INFO  - jmeter.engine.StandardJMeterEngine: Ending thread UsersPlayTheGameOfLife 1-14 
2012/03/02 15:29:16 INFO  - jmeter.threads.JMeterThread: Thread finished: UsersPlayTheGameOfLife 1-12 
2012/03/02 15:29:16 INFO  - jmeter.engine.StandardJMeterEngine: Ending thread UsersPlayTheGameOfLife 1-12 
2012/03/02 15:29:21 INFO  - jmeter.threads.JMeterThread: Thread finished: UsersPlayTheGameOfLife 1-9 
2012/03/02 15:29:21 INFO  - jmeter.engine.StandardJMeterEngine: Ending thread UsersPlayTheGameOfLife 1-9 
2012/03/02 15:29:23 INFO  - jmeter.threads.JMeterThread: Thread finished: UsersPlayTheGameOfLife 1-3 
2012/03/02 15:29:23 INFO  - jmeter.engine.StandardJMeterEngine: Ending thread UsersPlayTheGameOfLife 1-3 
2012/03/02 15:29:24 INFO  - jmeter.threads.JMeterThread: Thread finished: UsersPlayTheGameOfLife 1-16 
2012/03/02 15:29:24 INFO  - jmeter.engine.StandardJMeterEngine: Ending thread UsersPlayTheGameOfLife 1-16 
2012/03/02 15:29:25 INFO  - jmeter.threads.JMeterThread: Thread finished: UsersPlayTheGameOfLife 1-13 
2012/03/02 15:29:25 INFO  - jmeter.engine.StandardJMeterEngine: Ending thread UsersPlayTheGameOfLife 1-13 
2012/03/02 15:29:27 INFO  - jmeter.threads.JMeterThread: Thread finished: UsersPlayTheGameOfLife 1-1 
2012/03/02 15:29:27 INFO  - jmeter.engine.StandardJMeterEngine: Ending thread UsersPlayTheGameOfLife 1-1 
2012/03/02 15:29:28 INFO  - jmeter.threads.JMeterThread: Thread finished: UsersPlayTheGameOfLife 1-2 
2012/03/02 15:29:28 INFO  - jmeter.engine.StandardJMeterEngine: Ending thread UsersPlayTheGameOfLife 1-2 
2012/03/02 15:29:28 INFO  - jmeter.threads.JMeterThread: Thread finished: UsersPlayTheGameOfLife 1-17 
2012/03/02 15:29:28 INFO  - jmeter.engine.StandardJMeterEngine: Ending thread UsersPlayTheGameOfLife 1-17 
2012/03/02 15:29:29 INFO  - jmeter.threads.JMeterThread: Thread finished: UsersPlayTheGameOfLife 1-15 
2012/03/02 15:29:29 INFO  - jmeter.engine.StandardJMeterEngine: Ending thread UsersPlayTheGameOfLife 1-15 
2012/03/02 15:29:30 INFO  - jmeter.threads.JMeterThread: Thread finished: UsersPlayTheGameOfLife 1-10 
2012/03/02 15:29:30 INFO  - jmeter.engine.StandardJMeterEngine: Ending thread UsersPlayTheGameOfLife 1-10 
2012/03/02 15:29:32 INFO  - jmeter.threads.JMeterThread: Thread finished: UsersPlayTheGameOfLife 1-19 
2012/03/02 15:29:32 INFO  - jmeter.engine.StandardJMeterEngine: Ending thread UsersPlayTheGameOfLife 1-19 
2012/03/02 15:29:34 INFO  - jmeter.threads.JMeterThread: Thread finished: UsersPlayTheGameOfLife 1-6 
2012/03/02 15:29:34 INFO  - jmeter.engine.StandardJMeterEngine: Ending thread UsersPlayTheGameOfLife 1-6 
2012/03/02 15:29:38 INFO  - jmeter.threads.JMeterThread: Thread finished: UsersPlayTheGameOfLife 1-11 
2012/03/02 15:29:38 INFO  - jmeter.engine.StandardJMeterEngine: Ending thread UsersPlayTheGameOfLife 1-11 
2012/03/02 15:29:38 INFO  - jmeter.threads.JMeterThread: Thread finished: UsersPlayTheGameOfLife 1-18 
2012/03/02 15:29:38 INFO  - jmeter.engine.StandardJMeterEngine: Ending thread UsersPlayTheGameOfLife 1-18 
2012/03/02 15:29:39 INFO  - jmeter.threads.JMeterThread: Thread finished: UsersPlayTheGameOfLife 1-7 
2012/03/02 15:29:39 INFO  - jmeter.engine.StandardJMeterEngine: Ending thread UsersPlayTheGameOfLife 1-7 
2012/03/02 15:29:41 INFO  - jmeter.threads.JMeterThread: Thread finished: UsersPlayTheGameOfLife 1-20 
2012/03/02 15:29:41 INFO  - jmeter.engine.StandardJMeterEngine: Ending thread UsersPlayTheGameOfLife 1-20 
2012/03/02 15:29:45 INFO  - jmeter.threads.JMeterThread: Thread finished: UsersPlayTheGameOfLife 1-8 
2012/03/02 15:29:45 INFO  - jmeter.engine.StandardJMeterEngine: Ending thread UsersPlayTheGameOfLife 1-8 
2012/03/02 15:29:45 INFO  - jmeter.engine.StandardJMeterEngine: Stopping test 
2012/03/02 15:29:45 INFO  - jmeter.engine.StandardJMeterEngine: Notifying test listeners of end of test 
2012/03/02 15:29:45 INFO  - jmeter.engine.StandardJMeterEngine: Test has ended 
